<?xml version="1.0" encoding="UTF-8"?>
<!-- Generated by org.testng.reporters.JUnitReportReporter -->
<testsuite hostname="WKWZTBxxBiYFfi3" failures="0" tests="1" name="dayone.SeleniumDemo" time="5.958" errors="0" timestamp="2022-11-23T08:19:29 IST" skipped="0">
  <testcase classname="dayone.SeleniumDemo" name="selDemo" time="5.958"/>
  <system-out/>
</testsuite> <!-- dayone.SeleniumDemo -->
