<?xml version="1.0" encoding="UTF-8"?>
<!-- Generated by org.testng.reporters.JUnitReportReporter -->
<testsuite hostname="WKWZTBxxBiYFfi3" failures="0" tests="1" name="dayone.FirstWebScript" time="3.992" errors="0" timestamp="2022-11-23T08:19:29 IST" skipped="0">
  <testcase classname="dayone.FirstWebScript" name="firstWeb" time="3.992"/>
  <system-out/>
</testsuite> <!-- dayone.FirstWebScript -->
