<?xml version="1.0" encoding="UTF-8"?>
<!-- Generated by org.testng.reporters.JUnitReportReporter -->
<testsuite hostname="WKWZTBxxBiYFfi3" failures="0" tests="1" name="DayFive.GridTest" time="36.988" errors="0" timestamp="2022-11-24T10:20:49 IST" skipped="0">
  <testcase classname="DayFive.GridTest" name="myTest" time="36.988"/>
  <system-out/>
</testsuite> <!-- DayFive.GridTest -->
