<?xml version="1.0" encoding="UTF-8"?>
<!-- Generated by org.testng.reporters.JUnitReportReporter -->
<testsuite hostname="WKWZTBxxBiYFfi3" failures="0" tests="1" name="day2.DragDropExample" time="8.519" errors="0" timestamp="2022-11-23T08:19:29 IST" skipped="0">
  <testcase classname="day2.DragDropExample" name="dargDrop" time="8.519"/>
  <system-out/>
</testsuite> <!-- day2.DragDropExample -->
