<?xml version="1.0" encoding="UTF-8"?>
<!-- Generated by org.testng.reporters.JUnitReportReporter -->
<testsuite hostname="WKWZTBxxBiYFfi3" failures="0" tests="1" name="day2.HandleMultipleWindow2" time="15.012" errors="0" timestamp="2022-11-23T08:19:29 IST" skipped="0">
  <testcase classname="day2.HandleMultipleWindow2" name="handleMultiple" time="15.012"/>
  <system-out/>
</testsuite> <!-- day2.HandleMultipleWindow2 -->
