<?xml version="1.0" encoding="UTF-8"?>
<!-- Generated by org.testng.reporters.JUnitReportReporter -->
<testsuite hostname="WKWZTBxxBiYFfi3" failures="0" tests="1" name="pJava.DayOnePracticeOne" time="6.599" errors="0" timestamp="2022-11-23T21:00:15 IST" skipped="0">
  <testcase classname="pJava.DayOnePracticeOne" name="login" time="6.599"/>
  <system-out/>
</testsuite> <!-- pJava.DayOnePracticeOne -->
