<?xml version="1.0" encoding="UTF-8"?>
<!-- Generated by org.testng.reporters.JUnitReportReporter -->
<testsuite hostname="WKWZTBxxBiYFfi3" failures="0" tests="1" name="DayFour.ReadingExcelSheet" time="0.006" errors="0" timestamp="2022-11-23T18:58:07 IST" skipped="0">
  <testcase classname="DayFour.ReadingExcelSheet" name="testData" time="0.006"/>
  <system-out/>
</testsuite> <!-- DayFour.ReadingExcelSheet -->
