<?xml version="1.0" encoding="UTF-8"?>
<!-- Generated by org.testng.reporters.JUnitReportReporter -->
<testsuite hostname="WKWZTBxxBiYFfi3" failures="0" tests="1" name="day2.ActionsClassExamples" time="4.210" errors="0" timestamp="2022-11-24T05:38:23 IST" skipped="0">
  <testcase classname="day2.ActionsClassExamples" name="actionsClass" time="4.210"/>
  <system-out/>
</testsuite> <!-- day2.ActionsClassExamples -->
