<?xml version="1.0" encoding="UTF-8"?>
<!-- Generated by org.testng.reporters.JUnitReportReporter -->
<testsuite hostname="WKWZTBxxBiYFfi3" failures="0" tests="5" name="DayThree.ValidateLogin" time="26.983" errors="0" timestamp="2022-11-23T08:19:29 IST" skipped="0">
  <testcase classname="DayThree.ValidateLogin" name="invalidUsernameValidPassword" time="4.755"/>
  <system-out/>
  <testcase classname="DayThree.ValidateLogin" name="blankCredentials" time="3.794"/>
  <system-out/>
  <testcase classname="DayThree.ValidateLogin" name="invalidCredentials" time="5.449"/>
  <system-out/>
  <testcase classname="DayThree.ValidateLogin" name="validCredentials" time="8.135"/>
  <system-out/>
  <testcase classname="DayThree.ValidateLogin" name="validUsernameInvalidPassword" time="4.850"/>
  <system-out/>
</testsuite> <!-- DayThree.ValidateLogin -->
