<?xml version="1.0" encoding="UTF-8"?>
<!-- Generated by org.testng.reporters.JUnitReportReporter -->
<testsuite hostname="WKWZTBxxBiYFfi3" failures="0" tests="1" name="dayone.Assignment" time="23.103" errors="0" timestamp="2022-11-24T10:03:20 IST" skipped="0">
  <testcase classname="dayone.Assignment" name="assign" time="23.103"/>
  <system-out/>
</testsuite> <!-- dayone.Assignment -->
