<?xml version="1.0" encoding="UTF-8"?>
<!-- Generated by org.testng.reporters.JUnitReportReporter -->
<testsuite hostname="WKWZTBxxBiYFfi3" failures="0" tests="1" name="day2.HandleDynamicElements" time="23.515" errors="0" timestamp="2022-11-23T08:19:29 IST" skipped="0">
  <testcase classname="day2.HandleDynamicElements" name="HandleDynamic" time="23.515"/>
  <system-out/>
</testsuite> <!-- day2.HandleDynamicElements -->
