<?xml version="1.0" encoding="UTF-8"?>
<!-- Generated by org.testng.reporters.JUnitReportReporter -->
<testsuite hostname="WKWZTBxxBiYFfi3" failures="0" tests="1" name="day2.ExplicitWaitDemo" time="22.084" errors="0" timestamp="2022-11-24T05:39:52 IST" skipped="0">
  <testcase classname="day2.ExplicitWaitDemo" name="explicitWait" time="22.084"/>
  <system-out/>
</testsuite> <!-- day2.ExplicitWaitDemo -->
